Flow report for ula_mips
Thu Nov 22 17:32:17 2018
Quartus Prime Version 16.0.0 Build 211 04/27/2016 SJ Lite Edition


---------------------
; Table of Contents ;
---------------------
  1. Legal Notice
  2. Flow Summary
  3. Flow Settings
  4. Flow Non-Default Global Settings
  5. Flow Elapsed Time
  6. Flow OS Summary
  7. Flow Log
  8. Flow Messages
  9. Flow Suppressed Messages



----------------
; Legal Notice ;
----------------
Copyright (C) 1991-2016 Altera Corporation. All rights reserved.
Your use of Altera Corporation's design tools, logic functions 
and other software and tools, and its AMPP partner logic 
functions, and any output files from any of the foregoing 
(including device programming or simulation files), and any 
associated documentation or information are expressly subject 
to the terms and conditions of the Altera Program License 
Subscription Agreement, the Altera Quartus Prime License Agreement,
the Altera MegaCore Function License Agreement, or other 
applicable license agreement, including, without limitation, 
that your use is for the sole purpose of programming logic 
devices manufactured by Altera and sold by Altera or its 
authorized distributors.  Please refer to the applicable 
agreement for further details.



+----------------------------------------------------------------------------------+
; Flow Summary                                                                     ;
+------------------------------------+---------------------------------------------+
; Flow Status                        ; Successful - Thu Nov 22 17:32:17 2018       ;
; Quartus Prime Version              ; 16.0.0 Build 211 04/27/2016 SJ Lite Edition ;
; Revision Name                      ; ula_mips                                    ;
; Top-level Entity Name              ; mips_teste                                  ;
; Family                             ; Cyclone IV E                                ;
; Device                             ; EP4CE115F29C8                               ;
; Timing Models                      ; Final                                       ;
; Total logic elements               ; 827                                         ;
;     Total combinational functions  ; 505                                         ;
;     Dedicated logic registers      ; 536                                         ;
; Total registers                    ; 536                                         ;
; Total pins                         ; 418                                         ;
; Total virtual pins                 ; 0                                           ;
; Total memory bits                  ; 4,096                                       ;
; Embedded Multiplier 9-bit elements ; 0                                           ;
; Total PLLs                         ; 0                                           ;
+------------------------------------+---------------------------------------------+


+-----------------------------------------+
; Flow Settings                           ;
+-------------------+---------------------+
; Option            ; Setting             ;
+-------------------+---------------------+
; Start date & time ; 11/22/2018 17:31:37 ;
; Main task         ; Compilation         ;
; Revision Name     ; ula_mips            ;
+-------------------+---------------------+


+----------------------------------------------------------------------------------------------------------------------------+
; Flow Non-Default Global Settings                                                                                           ;
+-------------------------------------+---------------------------------------+---------------+-------------+----------------+
; Assignment Name                     ; Value                                 ; Default Value ; Entity Name ; Section Id     ;
+-------------------------------------+---------------------------------------+---------------+-------------+----------------+
; COMPILER_SIGNATURE_ID               ; 268891677483430.154291509708852       ; --            ; --          ; --             ;
; EDA_OUTPUT_DATA_FORMAT              ; Vhdl                                  ; --            ; --          ; eda_simulation ;
; EDA_SIMULATION_TOOL                 ; ModelSim-Altera (VHDL)                ; <None>        ; --          ; --             ;
; EDA_TIME_SCALE                      ; 1 ps                                  ; --            ; --          ; eda_simulation ;
; MAX_CORE_JUNCTION_TEMP              ; 85                                    ; --            ; --          ; --             ;
; MIN_CORE_JUNCTION_TEMP              ; 0                                     ; --            ; --          ; --             ;
; PARTITION_COLOR                     ; 16764057                              ; --            ; mips_teste  ; Top            ;
; PARTITION_COLOR                     ; 16764057                              ; --            ; toplevel    ; Top            ;
; PARTITION_FITTER_PRESERVATION_LEVEL ; PLACEMENT_AND_ROUTING                 ; --            ; mips_teste  ; Top            ;
; PARTITION_FITTER_PRESERVATION_LEVEL ; PLACEMENT_AND_ROUTING                 ; --            ; toplevel    ; Top            ;
; PARTITION_NETLIST_TYPE              ; SOURCE                                ; --            ; mips_teste  ; Top            ;
; PARTITION_NETLIST_TYPE              ; SOURCE                                ; --            ; toplevel    ; Top            ;
; POWER_BOARD_THERMAL_MODEL           ; None (CONSERVATIVE)                   ; --            ; --          ; --             ;
; POWER_PRESET_COOLING_SOLUTION       ; 23 MM HEAT SINK WITH 200 LFPM AIRFLOW ; --            ; --          ; --             ;
; PROJECT_OUTPUT_DIRECTORY            ; output_files                          ; --            ; --          ; --             ;
; TOP_LEVEL_ENTITY                    ; mips_teste                            ; ula_mips      ; --          ; --             ;
; USE_GENERATED_PHYSICAL_CONSTRAINTS  ; Off                                   ; --            ; --          ; eda_blast_fpga ;
; VHDL_INPUT_VERSION                  ; VHDL_2008                             ; VHDL_1993     ; --          ; --             ;
; VHDL_SHOW_LMF_MAPPING_MESSAGES      ; Off                                   ; --            ; --          ; --             ;
+-------------------------------------+---------------------------------------+---------------+-------------+----------------+


+--------------------------------------------------------------------------------------------------------------------------+
; Flow Elapsed Time                                                                                                        ;
+----------------------+--------------+-------------------------+---------------------+------------------------------------+
; Module Name          ; Elapsed Time ; Average Processors Used ; Peak Virtual Memory ; Total CPU Time (on all processors) ;
+----------------------+--------------+-------------------------+---------------------+------------------------------------+
; Analysis & Synthesis ; 00:00:31     ; 1.0                     ; 959 MB              ; 00:01:00                           ;
; EDA Netlist Writer   ; 00:00:01     ; 1.0                     ; 783 MB              ; 00:00:02                           ;
; EDA Netlist Writer   ; 00:00:03     ; 1.0                     ; 793 MB              ; 00:00:03                           ;
; Total                ; 00:00:35     ; --                      ; --                  ; 00:01:05                           ;
+----------------------+--------------+-------------------------+---------------------+------------------------------------+


+-----------------------------------------------------------------------------------+
; Flow OS Summary                                                                   ;
+----------------------+------------------+-----------+------------+----------------+
; Module Name          ; Machine Hostname ; OS Name   ; OS Version ; Processor type ;
+----------------------+------------------+-----------+------------+----------------+
; Analysis & Synthesis ; DESKTOP-5GV17U7  ; Windows 8 ; 6.2        ; x86_64         ;
; EDA Netlist Writer   ; DESKTOP-5GV17U7  ; Windows 8 ; 6.2        ; x86_64         ;
; EDA Netlist Writer   ; DESKTOP-5GV17U7  ; Windows 8 ; 6.2        ; x86_64         ;
+----------------------+------------------+-----------+------------+----------------+


------------
; Flow Log ;
------------
quartus_map --read_settings_files=on --write_settings_files=off ula_mips -c ula_mips
quartus_eda --gen_testbench --tool=modelsim_oem --format=verilog --write_settings_files=off ula_mips -c ula_mips --vector_source=C:/Users/Carlos/OneDrive/Documents/educacao/Insper/insper_6_semester_2018/descomp/semana14/MIPS_2018/ula_mips/Waveform11.vwf --testbench_file=C:/Users/Carlos/OneDrive/Documents/educacao/Insper/insper_6_semester_2018/descomp/semana14/MIPS_2018/ula_mips/simulation/qsim/Waveform11.vwf.vt
quartus_eda --write_settings_files=off --functional=on --flatten_buses=off --simulation=on --tool=modelsim_oem --format=verilog --output_directory=C:/Users/Carlos/OneDrive/Documents/educacao/Insper/insper_6_semester_2018/descomp/semana14/MIPS_2018/ula_mips/simulation/qsim/ ula_mips -c ula_mips



